# ../00.data/validation_data/Au96C216: data_e pred_e
-2.160978136549999817e+03 -2.160987971310708872e+03
-2.160892893109999932e+03 -2.160882336517208842e+03
-2.159948934040000040e+03 -2.159943628750606422e+03
-2.159909761370000069e+03 -2.159910489915052494e+03
-2.160003996909999842e+03 -2.160004655147653011e+03
-2.160114982430000055e+03 -2.160128033803352082e+03
-2.160296326350000072e+03 -2.160319839933385992e+03
-2.160806531350000114e+03 -2.160806607420391629e+03
-2.160025619330000154e+03 -2.160021769499329821e+03
-2.159430415400000129e+03 -2.159423768207938338e+03
-2.159543970109999918e+03 -2.159526248422880599e+03
-2.159392345400000067e+03 -2.159391325935108853e+03
-2.159719007249999777e+03 -2.159714231842354820e+03
-2.160053657790000216e+03 -2.160051623943402774e+03
-2.160530333530000007e+03 -2.160525745853738044e+03
-2.160237354320000122e+03 -2.160233984269086250e+03
-2.160537136420000024e+03 -2.160506467605879152e+03
-2.160641111200000068e+03 -2.160610576889403546e+03
-2.160953129410000201e+03 -2.160944023249920974e+03
-2.161147614370000156e+03 -2.161132532295923738e+03
-2.159986613609999949e+03 -2.159958404879708723e+03
-2.159395339220000096e+03 -2.159402389474807023e+03
-2.159668100609999783e+03 -2.159680002030650030e+03
-2.159337022579999939e+03 -2.159341383697034871e+03
-2.159696220499999981e+03 -2.159677385148086614e+03
-2.159774272740000015e+03 -2.159774264899124773e+03
-2.159068665280000005e+03 -2.159062390526983108e+03
-2.159959974400000192e+03 -2.159937594440707016e+03
-2.159475721259999773e+03 -2.159458323791186558e+03
-2.159407814759999837e+03 -2.159389566644372735e+03
-2.160129977630000212e+03 -2.160118259998315807e+03
-2.159786413759999959e+03 -2.159763992090630836e+03
-2.159816420520000065e+03 -2.159831714878470848e+03
-2.159362571019999905e+03 -2.159391558908595471e+03
-2.160203151189999971e+03 -2.160219213042111733e+03
-2.159897379009999895e+03 -2.159891567293358094e+03
-2.159656353070000023e+03 -2.159649744524526341e+03
-2.160687229870000010e+03 -2.160676040522062067e+03
-2.159806268549999913e+03 -2.159792443331682989e+03
-2.159336651279999842e+03 -2.159328296153568317e+03
-2.159789887049999834e+03 -2.159792594248945079e+03
-2.160348713450000105e+03 -2.160380696697588064e+03
-2.161099789140000212e+03 -2.161078342336849346e+03
-2.160065424819999862e+03 -2.160058709146188448e+03
-2.160324154030000045e+03 -2.160327839460423093e+03
-2.160152348510000138e+03 -2.160153837447243859e+03
-2.159549248220000209e+03 -2.159530517611372488e+03
-2.160131037520000064e+03 -2.160120356477571477e+03
-2.160533119180000085e+03 -2.160530585613848416e+03
-2.160045077320000019e+03 -2.160068898113362138e+03
-2.159975431849999950e+03 -2.160003788892955072e+03
-2.159961635690000094e+03 -2.159990029280988892e+03
-2.160473853880000206e+03 -2.160464862923106011e+03
-2.159406279400000130e+03 -2.159417282101984711e+03
-2.159655656509999972e+03 -2.159654906690881944e+03
-2.159877203779999945e+03 -2.159853303659464473e+03
-2.160549283180000202e+03 -2.160548521045668167e+03
-2.159741711279999890e+03 -2.159727709950718236e+03
-2.159786646420000125e+03 -2.159780805372660325e+03
-2.159744661159999850e+03 -2.159746534561649241e+03
-2.158723135960000036e+03 -2.158735377508660349e+03
-2.158376803829999972e+03 -2.158404758001199298e+03
-2.159450003410000136e+03 -2.159425264543864614e+03
-2.159540733750000072e+03 -2.159518440916751388e+03
-2.159904120109999894e+03 -2.159887378334220557e+03
-2.160909484339999835e+03 -2.160896913915567893e+03
-2.161164707989999897e+03 -2.161174580475930270e+03
-2.160787668439999834e+03 -2.160762973896696622e+03
-2.160441021650000039e+03 -2.160417535750416846e+03
-2.160553615209999862e+03 -2.160563429404583530e+03
-2.160704939249999825e+03 -2.160690813720770620e+03
-2.160675168199999916e+03 -2.160663563772592170e+03
-2.158989263060000212e+03 -2.158978872281133590e+03
-2.160532468190000145e+03 -2.160516453346757771e+03
-2.160541480150000098e+03 -2.160523162319254880e+03
-2.160563170179999815e+03 -2.160546080797552349e+03
-2.161863974299999882e+03 -2.161847726503227932e+03
-2.161456390809999903e+03 -2.161452867791209428e+03
-2.161801255670000046e+03 -2.161808008571061691e+03
-2.161719544709999809e+03 -2.161712856511643622e+03
-2.161710081279999940e+03 -2.161700228086380775e+03
-2.161998012630000176e+03 -2.161985733251055080e+03
-2.162124617479999870e+03 -2.162115145155526079e+03
-2.162257493969999814e+03 -2.162252290426560648e+03
-2.162388731019999796e+03 -2.162389167745905979e+03
-2.161443225399999847e+03 -2.161414933865807143e+03
-2.161635329600000205e+03 -2.161642996006317844e+03
-2.162092436120000002e+03 -2.162073894746051337e+03
-2.161546235570000135e+03 -2.161568491318254019e+03
-2.161595711120000033e+03 -2.161617437067730407e+03
-2.162481172700000116e+03 -2.162476878131961712e+03
-2.161521913109999787e+03 -2.161495491847618723e+03
-2.161339246359999834e+03 -2.161363169469102104e+03
-2.161294719309999891e+03 -2.161318145594641919e+03
-2.161615173969999887e+03 -2.161634179522505747e+03
-2.161987405889999991e+03 -2.161961509368074985e+03
-2.161832151499999782e+03 -2.161843207469743902e+03
-2.160887912380000216e+03 -2.160872464828813463e+03
-2.160724283970000215e+03 -2.160699229931214177e+03
-2.161436819909999940e+03 -2.161449018683750637e+03
